2025-04-14 17:18:40 [[31merror[39m] : uncaughtException: session is not defined
ReferenceError: session is not defined
    at Object.<anonymous> (D:\picks_main_project\backend\server.js:51:5)
    at Module._compile (node:internal/modules/cjs/loader:1554:14)
    at Object..js (node:internal/modules/cjs/loader:1706:10)
    at Module.load (node:internal/modules/cjs/loader:1289:32)
    at Function._load (node:internal/modules/cjs/loader:1108:12)
    at TracingChannel.traceSync (node:diagnostics_channel:322:14)
    at wrapModuleLoad (node:internal/modules/cjs/loader:220:24)
    at Function.executeUserEntryPoint [as runMain] (node:internal/modules/run_main:170:5)
    at node:internal/main/run_main_module:36:49 {"error":{},"stack":"ReferenceError: session is not defined\n    at Object.<anonymous> (D:\\picks_main_project\\backend\\server.js:51:5)\n    at Module._compile (node:internal/modules/cjs/loader:1554:14)\n    at Object..js (node:internal/modules/cjs/loader:1706:10)\n    at Module.load (node:internal/modules/cjs/loader:1289:32)\n    at Function._load (node:internal/modules/cjs/loader:1108:12)\n    at TracingChannel.traceSync (node:diagnostics_channel:322:14)\n    at wrapModuleLoad (node:internal/modules/cjs/loader:220:24)\n    at Function.executeUserEntryPoint [as runMain] (node:internal/modules/run_main:170:5)\n    at node:internal/main/run_main_module:36:49","exception":true,"date":"Mon Apr 14 2025 17:18:40 GMT+0530 (India Standard Time)","process":{"pid":1984,"uid":null,"gid":null,"cwd":"D:\\picks_main_project\\backend","execPath":"C:\\Program Files\\nodejs\\node.exe","version":"v22.14.0","argv":["C:\\Program Files\\nodejs\\node.exe","D:\\picks_main_project\\backend\\server.js"],"memoryUsage":{"rss":86163456,"heapTotal":40083456,"heapUsed":27127952,"external":20624682,"arrayBuffers":18262463}},"os":{"loadavg":[0,0,0],"uptime":425970.437},"trace":[{"column":5,"file":"D:\\picks_main_project\\backend\\server.js","function":null,"line":51,"method":null,"native":false},{"column":14,"file":"node:internal/modules/cjs/loader","function":"Module._compile","line":1554,"method":"_compile","native":false},{"column":10,"file":"node:internal/modules/cjs/loader","function":"Object..js","line":1706,"method":".js","native":false},{"column":32,"file":"node:internal/modules/cjs/loader","function":"Module.load","line":1289,"method":"load","native":false},{"column":12,"file":"node:internal/modules/cjs/loader","function":"Function._load","line":1108,"method":"_load","native":false},{"column":14,"file":"node:diagnostics_channel","function":"TracingChannel.traceSync","line":322,"method":"traceSync","native":false},{"column":24,"file":"node:internal/modules/cjs/loader","function":"wrapModuleLoad","line":220,"method":null,"native":false},{"column":5,"file":"node:internal/modules/run_main","function":"Function.executeUserEntryPoint [as runMain]","line":170,"method":"executeUserEntryPoint [as runMain]","native":false},{"column":49,"file":"node:internal/main/run_main_module","function":null,"line":36,"method":null,"native":false}]}
2025-04-14 17:18:54 [[31merror[39m] : uncaughtException: session is not defined
ReferenceError: session is not defined
    at Object.<anonymous> (D:\picks_main_project\backend\server.js:51:5)
    at Module._compile (node:internal/modules/cjs/loader:1554:14)
    at Object..js (node:internal/modules/cjs/loader:1706:10)
    at Module.load (node:internal/modules/cjs/loader:1289:32)
    at Function._load (node:internal/modules/cjs/loader:1108:12)
    at TracingChannel.traceSync (node:diagnostics_channel:322:14)
    at wrapModuleLoad (node:internal/modules/cjs/loader:220:24)
    at Function.executeUserEntryPoint [as runMain] (node:internal/modules/run_main:170:5)
    at node:internal/main/run_main_module:36:49 {"error":{},"stack":"ReferenceError: session is not defined\n    at Object.<anonymous> (D:\\picks_main_project\\backend\\server.js:51:5)\n    at Module._compile (node:internal/modules/cjs/loader:1554:14)\n    at Object..js (node:internal/modules/cjs/loader:1706:10)\n    at Module.load (node:internal/modules/cjs/loader:1289:32)\n    at Function._load (node:internal/modules/cjs/loader:1108:12)\n    at TracingChannel.traceSync (node:diagnostics_channel:322:14)\n    at wrapModuleLoad (node:internal/modules/cjs/loader:220:24)\n    at Function.executeUserEntryPoint [as runMain] (node:internal/modules/run_main:170:5)\n    at node:internal/main/run_main_module:36:49","exception":true,"date":"Mon Apr 14 2025 17:18:54 GMT+0530 (India Standard Time)","process":{"pid":17764,"uid":null,"gid":null,"cwd":"D:\\picks_main_project\\backend","execPath":"C:\\Program Files\\nodejs\\node.exe","version":"v22.14.0","argv":["C:\\Program Files\\nodejs\\node.exe","D:\\picks_main_project\\backend\\server.js"],"memoryUsage":{"rss":85643264,"heapTotal":39821312,"heapUsed":27536872,"external":20624682,"arrayBuffers":18262463}},"os":{"loadavg":[0,0,0],"uptime":425984.015},"trace":[{"column":5,"file":"D:\\picks_main_project\\backend\\server.js","function":null,"line":51,"method":null,"native":false},{"column":14,"file":"node:internal/modules/cjs/loader","function":"Module._compile","line":1554,"method":"_compile","native":false},{"column":10,"file":"node:internal/modules/cjs/loader","function":"Object..js","line":1706,"method":".js","native":false},{"column":32,"file":"node:internal/modules/cjs/loader","function":"Module.load","line":1289,"method":"load","native":false},{"column":12,"file":"node:internal/modules/cjs/loader","function":"Function._load","line":1108,"method":"_load","native":false},{"column":14,"file":"node:diagnostics_channel","function":"TracingChannel.traceSync","line":322,"method":"traceSync","native":false},{"column":24,"file":"node:internal/modules/cjs/loader","function":"wrapModuleLoad","line":220,"method":null,"native":false},{"column":5,"file":"node:internal/modules/run_main","function":"Function.executeUserEntryPoint [as runMain]","line":170,"method":"executeUserEntryPoint [as runMain]","native":false},{"column":49,"file":"node:internal/main/run_main_module","function":null,"line":36,"method":null,"native":false}]}
2025-04-15 15:47:13 [[31merror[39m] : uncaughtException: Router.use() requires a middleware function but got a undefined
TypeError: Router.use() requires a middleware function but got a undefined
    at Function.use (D:\picks_main_project\backend\node_modules\express\lib\router\index.js:469:13)
    at Function.<anonymous> (D:\picks_main_project\backend\node_modules\express\lib\application.js:227:21)
    at Array.forEach (<anonymous>)
    at Function.use (D:\picks_main_project\backend\node_modules\express\lib\application.js:224:7)
    at Object.<anonymous> (D:\picks_main_project\backend\server.js:93:5)
    at Module._compile (node:internal/modules/cjs/loader:1554:14)
    at Object..js (node:internal/modules/cjs/loader:1706:10)
    at Module.load (node:internal/modules/cjs/loader:1289:32)
    at Function._load (node:internal/modules/cjs/loader:1108:12)
    at TracingChannel.traceSync (node:diagnostics_channel:322:14) {"error":{},"stack":"TypeError: Router.use() requires a middleware function but got a undefined\n    at Function.use (D:\\picks_main_project\\backend\\node_modules\\express\\lib\\router\\index.js:469:13)\n    at Function.<anonymous> (D:\\picks_main_project\\backend\\node_modules\\express\\lib\\application.js:227:21)\n    at Array.forEach (<anonymous>)\n    at Function.use (D:\\picks_main_project\\backend\\node_modules\\express\\lib\\application.js:224:7)\n    at Object.<anonymous> (D:\\picks_main_project\\backend\\server.js:93:5)\n    at Module._compile (node:internal/modules/cjs/loader:1554:14)\n    at Object..js (node:internal/modules/cjs/loader:1706:10)\n    at Module.load (node:internal/modules/cjs/loader:1289:32)\n    at Function._load (node:internal/modules/cjs/loader:1108:12)\n    at TracingChannel.traceSync (node:diagnostics_channel:322:14)","exception":true,"date":"Tue Apr 15 2025 15:47:13 GMT+0530 (India Standard Time)","process":{"pid":1044,"uid":null,"gid":null,"cwd":"D:\\picks_main_project\\backend","execPath":"C:\\Program Files\\nodejs\\node.exe","version":"v22.14.0","argv":["C:\\Program Files\\nodejs\\node.exe","D:\\picks_main_project\\backend\\server.js"],"memoryUsage":{"rss":84717568,"heapTotal":40083456,"heapUsed":28140496,"external":20635841,"arrayBuffers":18262708}},"os":{"loadavg":[0,0,0],"uptime":506883.421},"trace":[{"column":13,"file":"D:\\picks_main_project\\backend\\node_modules\\express\\lib\\router\\index.js","function":"Function.use","line":469,"method":"use","native":false},{"column":21,"file":"D:\\picks_main_project\\backend\\node_modules\\express\\lib\\application.js","function":null,"line":227,"method":null,"native":false},{"column":null,"file":null,"function":"Array.forEach","line":null,"method":"forEach","native":false},{"column":7,"file":"D:\\picks_main_project\\backend\\node_modules\\express\\lib\\application.js","function":"Function.use","line":224,"method":"use","native":false},{"column":5,"file":"D:\\picks_main_project\\backend\\server.js","function":null,"line":93,"method":null,"native":false},{"column":14,"file":"node:internal/modules/cjs/loader","function":"Module._compile","line":1554,"method":"_compile","native":false},{"column":10,"file":"node:internal/modules/cjs/loader","function":"Object..js","line":1706,"method":".js","native":false},{"column":32,"file":"node:internal/modules/cjs/loader","function":"Module.load","line":1289,"method":"load","native":false},{"column":12,"file":"node:internal/modules/cjs/loader","function":"Function._load","line":1108,"method":"_load","native":false},{"column":14,"file":"node:diagnostics_channel","function":"TracingChannel.traceSync","line":322,"method":"traceSync","native":false}]}
2025-04-15 15:49:46 [[31merror[39m] : uncaughtException: Router.use() requires a middleware function but got a undefined
TypeError: Router.use() requires a middleware function but got a undefined
    at Function.use (D:\picks_main_project\backend\node_modules\express\lib\router\index.js:469:13)
    at Function.<anonymous> (D:\picks_main_project\backend\node_modules\express\lib\application.js:227:21)
    at Array.forEach (<anonymous>)
    at Function.use (D:\picks_main_project\backend\node_modules\express\lib\application.js:224:7)
    at Object.<anonymous> (D:\picks_main_project\backend\server.js:93:5)
    at Module._compile (node:internal/modules/cjs/loader:1554:14)
    at Object..js (node:internal/modules/cjs/loader:1706:10)
    at Module.load (node:internal/modules/cjs/loader:1289:32)
    at Function._load (node:internal/modules/cjs/loader:1108:12)
    at TracingChannel.traceSync (node:diagnostics_channel:322:14) {"error":{},"stack":"TypeError: Router.use() requires a middleware function but got a undefined\n    at Function.use (D:\\picks_main_project\\backend\\node_modules\\express\\lib\\router\\index.js:469:13)\n    at Function.<anonymous> (D:\\picks_main_project\\backend\\node_modules\\express\\lib\\application.js:227:21)\n    at Array.forEach (<anonymous>)\n    at Function.use (D:\\picks_main_project\\backend\\node_modules\\express\\lib\\application.js:224:7)\n    at Object.<anonymous> (D:\\picks_main_project\\backend\\server.js:93:5)\n    at Module._compile (node:internal/modules/cjs/loader:1554:14)\n    at Object..js (node:internal/modules/cjs/loader:1706:10)\n    at Module.load (node:internal/modules/cjs/loader:1289:32)\n    at Function._load (node:internal/modules/cjs/loader:1108:12)\n    at TracingChannel.traceSync (node:diagnostics_channel:322:14)","exception":true,"date":"Tue Apr 15 2025 15:49:46 GMT+0530 (India Standard Time)","process":{"pid":8636,"uid":null,"gid":null,"cwd":"D:\\picks_main_project\\backend","execPath":"C:\\Program Files\\nodejs\\node.exe","version":"v22.14.0","argv":["C:\\Program Files\\nodejs\\node.exe","D:\\picks_main_project\\backend\\server.js"],"memoryUsage":{"rss":84516864,"heapTotal":40083456,"heapUsed":28105688,"external":20635841,"arrayBuffers":18262708}},"os":{"loadavg":[0,0,0],"uptime":507036.265},"trace":[{"column":13,"file":"D:\\picks_main_project\\backend\\node_modules\\express\\lib\\router\\index.js","function":"Function.use","line":469,"method":"use","native":false},{"column":21,"file":"D:\\picks_main_project\\backend\\node_modules\\express\\lib\\application.js","function":null,"line":227,"method":null,"native":false},{"column":null,"file":null,"function":"Array.forEach","line":null,"method":"forEach","native":false},{"column":7,"file":"D:\\picks_main_project\\backend\\node_modules\\express\\lib\\application.js","function":"Function.use","line":224,"method":"use","native":false},{"column":5,"file":"D:\\picks_main_project\\backend\\server.js","function":null,"line":93,"method":null,"native":false},{"column":14,"file":"node:internal/modules/cjs/loader","function":"Module._compile","line":1554,"method":"_compile","native":false},{"column":10,"file":"node:internal/modules/cjs/loader","function":"Object..js","line":1706,"method":".js","native":false},{"column":32,"file":"node:internal/modules/cjs/loader","function":"Module.load","line":1289,"method":"load","native":false},{"column":12,"file":"node:internal/modules/cjs/loader","function":"Function._load","line":1108,"method":"_load","native":false},{"column":14,"file":"node:diagnostics_channel","function":"TracingChannel.traceSync","line":322,"method":"traceSync","native":false}]}
2025-04-15 15:50:10 [[31merror[39m] : uncaughtException: Router.use() requires a middleware function but got a undefined
TypeError: Router.use() requires a middleware function but got a undefined
    at Function.use (D:\picks_main_project\backend\node_modules\express\lib\router\index.js:469:13)
    at Function.<anonymous> (D:\picks_main_project\backend\node_modules\express\lib\application.js:227:21)
    at Array.forEach (<anonymous>)
    at Function.use (D:\picks_main_project\backend\node_modules\express\lib\application.js:224:7)
    at Object.<anonymous> (D:\picks_main_project\backend\server.js:93:5)
    at Module._compile (node:internal/modules/cjs/loader:1554:14)
    at Object..js (node:internal/modules/cjs/loader:1706:10)
    at Module.load (node:internal/modules/cjs/loader:1289:32)
    at Function._load (node:internal/modules/cjs/loader:1108:12)
    at TracingChannel.traceSync (node:diagnostics_channel:322:14) {"error":{},"stack":"TypeError: Router.use() requires a middleware function but got a undefined\n    at Function.use (D:\\picks_main_project\\backend\\node_modules\\express\\lib\\router\\index.js:469:13)\n    at Function.<anonymous> (D:\\picks_main_project\\backend\\node_modules\\express\\lib\\application.js:227:21)\n    at Array.forEach (<anonymous>)\n    at Function.use (D:\\picks_main_project\\backend\\node_modules\\express\\lib\\application.js:224:7)\n    at Object.<anonymous> (D:\\picks_main_project\\backend\\server.js:93:5)\n    at Module._compile (node:internal/modules/cjs/loader:1554:14)\n    at Object..js (node:internal/modules/cjs/loader:1706:10)\n    at Module.load (node:internal/modules/cjs/loader:1289:32)\n    at Function._load (node:internal/modules/cjs/loader:1108:12)\n    at TracingChannel.traceSync (node:diagnostics_channel:322:14)","exception":true,"date":"Tue Apr 15 2025 15:50:10 GMT+0530 (India Standard Time)","process":{"pid":12700,"uid":null,"gid":null,"cwd":"D:\\picks_main_project\\backend","execPath":"C:\\Program Files\\nodejs\\node.exe","version":"v22.14.0","argv":["C:\\Program Files\\nodejs\\node.exe","D:\\picks_main_project\\backend\\server.js"],"memoryUsage":{"rss":84480000,"heapTotal":40083456,"heapUsed":28443104,"external":20635841,"arrayBuffers":18262708}},"os":{"loadavg":[0,0,0],"uptime":507060.765},"trace":[{"column":13,"file":"D:\\picks_main_project\\backend\\node_modules\\express\\lib\\router\\index.js","function":"Function.use","line":469,"method":"use","native":false},{"column":21,"file":"D:\\picks_main_project\\backend\\node_modules\\express\\lib\\application.js","function":null,"line":227,"method":null,"native":false},{"column":null,"file":null,"function":"Array.forEach","line":null,"method":"forEach","native":false},{"column":7,"file":"D:\\picks_main_project\\backend\\node_modules\\express\\lib\\application.js","function":"Function.use","line":224,"method":"use","native":false},{"column":5,"file":"D:\\picks_main_project\\backend\\server.js","function":null,"line":93,"method":null,"native":false},{"column":14,"file":"node:internal/modules/cjs/loader","function":"Module._compile","line":1554,"method":"_compile","native":false},{"column":10,"file":"node:internal/modules/cjs/loader","function":"Object..js","line":1706,"method":".js","native":false},{"column":32,"file":"node:internal/modules/cjs/loader","function":"Module.load","line":1289,"method":"load","native":false},{"column":12,"file":"node:internal/modules/cjs/loader","function":"Function._load","line":1108,"method":"_load","native":false},{"column":14,"file":"node:diagnostics_channel","function":"TracingChannel.traceSync","line":322,"method":"traceSync","native":false}]}
2025-04-15 15:50:15 [[31merror[39m] : uncaughtException: Router.use() requires a middleware function but got a undefined
TypeError: Router.use() requires a middleware function but got a undefined
    at Function.use (D:\picks_main_project\backend\node_modules\express\lib\router\index.js:469:13)
    at Function.<anonymous> (D:\picks_main_project\backend\node_modules\express\lib\application.js:227:21)
    at Array.forEach (<anonymous>)
    at Function.use (D:\picks_main_project\backend\node_modules\express\lib\application.js:224:7)
    at Object.<anonymous> (D:\picks_main_project\backend\server.js:93:5)
    at Module._compile (node:internal/modules/cjs/loader:1554:14)
    at Object..js (node:internal/modules/cjs/loader:1706:10)
    at Module.load (node:internal/modules/cjs/loader:1289:32)
    at Function._load (node:internal/modules/cjs/loader:1108:12)
    at TracingChannel.traceSync (node:diagnostics_channel:322:14) {"error":{},"stack":"TypeError: Router.use() requires a middleware function but got a undefined\n    at Function.use (D:\\picks_main_project\\backend\\node_modules\\express\\lib\\router\\index.js:469:13)\n    at Function.<anonymous> (D:\\picks_main_project\\backend\\node_modules\\express\\lib\\application.js:227:21)\n    at Array.forEach (<anonymous>)\n    at Function.use (D:\\picks_main_project\\backend\\node_modules\\express\\lib\\application.js:224:7)\n    at Object.<anonymous> (D:\\picks_main_project\\backend\\server.js:93:5)\n    at Module._compile (node:internal/modules/cjs/loader:1554:14)\n    at Object..js (node:internal/modules/cjs/loader:1706:10)\n    at Module.load (node:internal/modules/cjs/loader:1289:32)\n    at Function._load (node:internal/modules/cjs/loader:1108:12)\n    at TracingChannel.traceSync (node:diagnostics_channel:322:14)","exception":true,"date":"Tue Apr 15 2025 15:50:15 GMT+0530 (India Standard Time)","process":{"pid":16908,"uid":null,"gid":null,"cwd":"D:\\picks_main_project\\backend","execPath":"C:\\Program Files\\nodejs\\node.exe","version":"v22.14.0","argv":["C:\\Program Files\\nodejs\\node.exe","D:\\picks_main_project\\backend\\server.js"],"memoryUsage":{"rss":85037056,"heapTotal":40083456,"heapUsed":28362344,"external":20635841,"arrayBuffers":18262708}},"os":{"loadavg":[0,0,0],"uptime":507065.468},"trace":[{"column":13,"file":"D:\\picks_main_project\\backend\\node_modules\\express\\lib\\router\\index.js","function":"Function.use","line":469,"method":"use","native":false},{"column":21,"file":"D:\\picks_main_project\\backend\\node_modules\\express\\lib\\application.js","function":null,"line":227,"method":null,"native":false},{"column":null,"file":null,"function":"Array.forEach","line":null,"method":"forEach","native":false},{"column":7,"file":"D:\\picks_main_project\\backend\\node_modules\\express\\lib\\application.js","function":"Function.use","line":224,"method":"use","native":false},{"column":5,"file":"D:\\picks_main_project\\backend\\server.js","function":null,"line":93,"method":null,"native":false},{"column":14,"file":"node:internal/modules/cjs/loader","function":"Module._compile","line":1554,"method":"_compile","native":false},{"column":10,"file":"node:internal/modules/cjs/loader","function":"Object..js","line":1706,"method":".js","native":false},{"column":32,"file":"node:internal/modules/cjs/loader","function":"Module.load","line":1289,"method":"load","native":false},{"column":12,"file":"node:internal/modules/cjs/loader","function":"Function._load","line":1108,"method":"_load","native":false},{"column":14,"file":"node:diagnostics_channel","function":"TracingChannel.traceSync","line":322,"method":"traceSync","native":false}]}
2025-04-15 15:50:18 [[31merror[39m] : uncaughtException: Router.use() requires a middleware function but got a undefined
TypeError: Router.use() requires a middleware function but got a undefined
    at Function.use (D:\picks_main_project\backend\node_modules\express\lib\router\index.js:469:13)
    at Function.<anonymous> (D:\picks_main_project\backend\node_modules\express\lib\application.js:227:21)
    at Array.forEach (<anonymous>)
    at Function.use (D:\picks_main_project\backend\node_modules\express\lib\application.js:224:7)
    at Object.<anonymous> (D:\picks_main_project\backend\server.js:93:5)
    at Module._compile (node:internal/modules/cjs/loader:1554:14)
    at Object..js (node:internal/modules/cjs/loader:1706:10)
    at Module.load (node:internal/modules/cjs/loader:1289:32)
    at Function._load (node:internal/modules/cjs/loader:1108:12)
    at TracingChannel.traceSync (node:diagnostics_channel:322:14) {"error":{},"stack":"TypeError: Router.use() requires a middleware function but got a undefined\n    at Function.use (D:\\picks_main_project\\backend\\node_modules\\express\\lib\\router\\index.js:469:13)\n    at Function.<anonymous> (D:\\picks_main_project\\backend\\node_modules\\express\\lib\\application.js:227:21)\n    at Array.forEach (<anonymous>)\n    at Function.use (D:\\picks_main_project\\backend\\node_modules\\express\\lib\\application.js:224:7)\n    at Object.<anonymous> (D:\\picks_main_project\\backend\\server.js:93:5)\n    at Module._compile (node:internal/modules/cjs/loader:1554:14)\n    at Object..js (node:internal/modules/cjs/loader:1706:10)\n    at Module.load (node:internal/modules/cjs/loader:1289:32)\n    at Function._load (node:internal/modules/cjs/loader:1108:12)\n    at TracingChannel.traceSync (node:diagnostics_channel:322:14)","exception":true,"date":"Tue Apr 15 2025 15:50:18 GMT+0530 (India Standard Time)","process":{"pid":6960,"uid":null,"gid":null,"cwd":"D:\\picks_main_project\\backend","execPath":"C:\\Program Files\\nodejs\\node.exe","version":"v22.14.0","argv":["C:\\Program Files\\nodejs\\node.exe","D:\\picks_main_project\\backend\\server.js"],"memoryUsage":{"rss":84590592,"heapTotal":40083456,"heapUsed":28503104,"external":20635841,"arrayBuffers":18262708}},"os":{"loadavg":[0,0,0],"uptime":507068.281},"trace":[{"column":13,"file":"D:\\picks_main_project\\backend\\node_modules\\express\\lib\\router\\index.js","function":"Function.use","line":469,"method":"use","native":false},{"column":21,"file":"D:\\picks_main_project\\backend\\node_modules\\express\\lib\\application.js","function":null,"line":227,"method":null,"native":false},{"column":null,"file":null,"function":"Array.forEach","line":null,"method":"forEach","native":false},{"column":7,"file":"D:\\picks_main_project\\backend\\node_modules\\express\\lib\\application.js","function":"Function.use","line":224,"method":"use","native":false},{"column":5,"file":"D:\\picks_main_project\\backend\\server.js","function":null,"line":93,"method":null,"native":false},{"column":14,"file":"node:internal/modules/cjs/loader","function":"Module._compile","line":1554,"method":"_compile","native":false},{"column":10,"file":"node:internal/modules/cjs/loader","function":"Object..js","line":1706,"method":".js","native":false},{"column":32,"file":"node:internal/modules/cjs/loader","function":"Module.load","line":1289,"method":"load","native":false},{"column":12,"file":"node:internal/modules/cjs/loader","function":"Function._load","line":1108,"method":"_load","native":false},{"column":14,"file":"node:diagnostics_channel","function":"TracingChannel.traceSync","line":322,"method":"traceSync","native":false}]}
2025-04-15 15:50:22 [[31merror[39m] : uncaughtException: Router.use() requires a middleware function but got a undefined
TypeError: Router.use() requires a middleware function but got a undefined
    at Function.use (D:\picks_main_project\backend\node_modules\express\lib\router\index.js:469:13)
    at Function.<anonymous> (D:\picks_main_project\backend\node_modules\express\lib\application.js:227:21)
    at Array.forEach (<anonymous>)
    at Function.use (D:\picks_main_project\backend\node_modules\express\lib\application.js:224:7)
    at Object.<anonymous> (D:\picks_main_project\backend\server.js:93:5)
    at Module._compile (node:internal/modules/cjs/loader:1554:14)
    at Object..js (node:internal/modules/cjs/loader:1706:10)
    at Module.load (node:internal/modules/cjs/loader:1289:32)
    at Function._load (node:internal/modules/cjs/loader:1108:12)
    at TracingChannel.traceSync (node:diagnostics_channel:322:14) {"error":{},"stack":"TypeError: Router.use() requires a middleware function but got a undefined\n    at Function.use (D:\\picks_main_project\\backend\\node_modules\\express\\lib\\router\\index.js:469:13)\n    at Function.<anonymous> (D:\\picks_main_project\\backend\\node_modules\\express\\lib\\application.js:227:21)\n    at Array.forEach (<anonymous>)\n    at Function.use (D:\\picks_main_project\\backend\\node_modules\\express\\lib\\application.js:224:7)\n    at Object.<anonymous> (D:\\picks_main_project\\backend\\server.js:93:5)\n    at Module._compile (node:internal/modules/cjs/loader:1554:14)\n    at Object..js (node:internal/modules/cjs/loader:1706:10)\n    at Module.load (node:internal/modules/cjs/loader:1289:32)\n    at Function._load (node:internal/modules/cjs/loader:1108:12)\n    at TracingChannel.traceSync (node:diagnostics_channel:322:14)","exception":true,"date":"Tue Apr 15 2025 15:50:22 GMT+0530 (India Standard Time)","process":{"pid":2612,"uid":null,"gid":null,"cwd":"D:\\picks_main_project\\backend","execPath":"C:\\Program Files\\nodejs\\node.exe","version":"v22.14.0","argv":["C:\\Program Files\\nodejs\\node.exe","D:\\picks_main_project\\backend\\server.js"],"memoryUsage":{"rss":84414464,"heapTotal":40083456,"heapUsed":28500072,"external":20635841,"arrayBuffers":18262708}},"os":{"loadavg":[0,0,0],"uptime":507072.562},"trace":[{"column":13,"file":"D:\\picks_main_project\\backend\\node_modules\\express\\lib\\router\\index.js","function":"Function.use","line":469,"method":"use","native":false},{"column":21,"file":"D:\\picks_main_project\\backend\\node_modules\\express\\lib\\application.js","function":null,"line":227,"method":null,"native":false},{"column":null,"file":null,"function":"Array.forEach","line":null,"method":"forEach","native":false},{"column":7,"file":"D:\\picks_main_project\\backend\\node_modules\\express\\lib\\application.js","function":"Function.use","line":224,"method":"use","native":false},{"column":5,"file":"D:\\picks_main_project\\backend\\server.js","function":null,"line":93,"method":null,"native":false},{"column":14,"file":"node:internal/modules/cjs/loader","function":"Module._compile","line":1554,"method":"_compile","native":false},{"column":10,"file":"node:internal/modules/cjs/loader","function":"Object..js","line":1706,"method":".js","native":false},{"column":32,"file":"node:internal/modules/cjs/loader","function":"Module.load","line":1289,"method":"load","native":false},{"column":12,"file":"node:internal/modules/cjs/loader","function":"Function._load","line":1108,"method":"_load","native":false},{"column":14,"file":"node:diagnostics_channel","function":"TracingChannel.traceSync","line":322,"method":"traceSync","native":false}]}
2025-04-15 15:50:27 [[31merror[39m] : uncaughtException: Router.use() requires a middleware function but got a undefined
TypeError: Router.use() requires a middleware function but got a undefined
    at Function.use (D:\picks_main_project\backend\node_modules\express\lib\router\index.js:469:13)
    at Function.<anonymous> (D:\picks_main_project\backend\node_modules\express\lib\application.js:227:21)
    at Array.forEach (<anonymous>)
    at Function.use (D:\picks_main_project\backend\node_modules\express\lib\application.js:224:7)
    at Object.<anonymous> (D:\picks_main_project\backend\server.js:93:5)
    at Module._compile (node:internal/modules/cjs/loader:1554:14)
    at Object..js (node:internal/modules/cjs/loader:1706:10)
    at Module.load (node:internal/modules/cjs/loader:1289:32)
    at Function._load (node:internal/modules/cjs/loader:1108:12)
    at TracingChannel.traceSync (node:diagnostics_channel:322:14) {"error":{},"stack":"TypeError: Router.use() requires a middleware function but got a undefined\n    at Function.use (D:\\picks_main_project\\backend\\node_modules\\express\\lib\\router\\index.js:469:13)\n    at Function.<anonymous> (D:\\picks_main_project\\backend\\node_modules\\express\\lib\\application.js:227:21)\n    at Array.forEach (<anonymous>)\n    at Function.use (D:\\picks_main_project\\backend\\node_modules\\express\\lib\\application.js:224:7)\n    at Object.<anonymous> (D:\\picks_main_project\\backend\\server.js:93:5)\n    at Module._compile (node:internal/modules/cjs/loader:1554:14)\n    at Object..js (node:internal/modules/cjs/loader:1706:10)\n    at Module.load (node:internal/modules/cjs/loader:1289:32)\n    at Function._load (node:internal/modules/cjs/loader:1108:12)\n    at TracingChannel.traceSync (node:diagnostics_channel:322:14)","exception":true,"date":"Tue Apr 15 2025 15:50:27 GMT+0530 (India Standard Time)","process":{"pid":10428,"uid":null,"gid":null,"cwd":"D:\\picks_main_project\\backend","execPath":"C:\\Program Files\\nodejs\\node.exe","version":"v22.14.0","argv":["C:\\Program Files\\nodejs\\node.exe","D:\\picks_main_project\\backend\\server.js"],"memoryUsage":{"rss":84717568,"heapTotal":40083456,"heapUsed":28313264,"external":20635841,"arrayBuffers":18262708}},"os":{"loadavg":[0,0,0],"uptime":507077.015},"trace":[{"column":13,"file":"D:\\picks_main_project\\backend\\node_modules\\express\\lib\\router\\index.js","function":"Function.use","line":469,"method":"use","native":false},{"column":21,"file":"D:\\picks_main_project\\backend\\node_modules\\express\\lib\\application.js","function":null,"line":227,"method":null,"native":false},{"column":null,"file":null,"function":"Array.forEach","line":null,"method":"forEach","native":false},{"column":7,"file":"D:\\picks_main_project\\backend\\node_modules\\express\\lib\\application.js","function":"Function.use","line":224,"method":"use","native":false},{"column":5,"file":"D:\\picks_main_project\\backend\\server.js","function":null,"line":93,"method":null,"native":false},{"column":14,"file":"node:internal/modules/cjs/loader","function":"Module._compile","line":1554,"method":"_compile","native":false},{"column":10,"file":"node:internal/modules/cjs/loader","function":"Object..js","line":1706,"method":".js","native":false},{"column":32,"file":"node:internal/modules/cjs/loader","function":"Module.load","line":1289,"method":"load","native":false},{"column":12,"file":"node:internal/modules/cjs/loader","function":"Function._load","line":1108,"method":"_load","native":false},{"column":14,"file":"node:diagnostics_channel","function":"TracingChannel.traceSync","line":322,"method":"traceSync","native":false}]}
2025-04-15 15:50:28 [[31merror[39m] : uncaughtException: Router.use() requires a middleware function but got a undefined
TypeError: Router.use() requires a middleware function but got a undefined
    at Function.use (D:\picks_main_project\backend\node_modules\express\lib\router\index.js:469:13)
    at Function.<anonymous> (D:\picks_main_project\backend\node_modules\express\lib\application.js:227:21)
    at Array.forEach (<anonymous>)
    at Function.use (D:\picks_main_project\backend\node_modules\express\lib\application.js:224:7)
    at Object.<anonymous> (D:\picks_main_project\backend\server.js:93:5)
    at Module._compile (node:internal/modules/cjs/loader:1554:14)
    at Object..js (node:internal/modules/cjs/loader:1706:10)
    at Module.load (node:internal/modules/cjs/loader:1289:32)
    at Function._load (node:internal/modules/cjs/loader:1108:12)
    at TracingChannel.traceSync (node:diagnostics_channel:322:14) {"error":{},"stack":"TypeError: Router.use() requires a middleware function but got a undefined\n    at Function.use (D:\\picks_main_project\\backend\\node_modules\\express\\lib\\router\\index.js:469:13)\n    at Function.<anonymous> (D:\\picks_main_project\\backend\\node_modules\\express\\lib\\application.js:227:21)\n    at Array.forEach (<anonymous>)\n    at Function.use (D:\\picks_main_project\\backend\\node_modules\\express\\lib\\application.js:224:7)\n    at Object.<anonymous> (D:\\picks_main_project\\backend\\server.js:93:5)\n    at Module._compile (node:internal/modules/cjs/loader:1554:14)\n    at Object..js (node:internal/modules/cjs/loader:1706:10)\n    at Module.load (node:internal/modules/cjs/loader:1289:32)\n    at Function._load (node:internal/modules/cjs/loader:1108:12)\n    at TracingChannel.traceSync (node:diagnostics_channel:322:14)","exception":true,"date":"Tue Apr 15 2025 15:50:28 GMT+0530 (India Standard Time)","process":{"pid":1644,"uid":null,"gid":null,"cwd":"D:\\picks_main_project\\backend","execPath":"C:\\Program Files\\nodejs\\node.exe","version":"v22.14.0","argv":["C:\\Program Files\\nodejs\\node.exe","D:\\picks_main_project\\backend\\server.js"],"memoryUsage":{"rss":84942848,"heapTotal":40083456,"heapUsed":28229400,"external":20635841,"arrayBuffers":18262708}},"os":{"loadavg":[0,0,0],"uptime":507078.828},"trace":[{"column":13,"file":"D:\\picks_main_project\\backend\\node_modules\\express\\lib\\router\\index.js","function":"Function.use","line":469,"method":"use","native":false},{"column":21,"file":"D:\\picks_main_project\\backend\\node_modules\\express\\lib\\application.js","function":null,"line":227,"method":null,"native":false},{"column":null,"file":null,"function":"Array.forEach","line":null,"method":"forEach","native":false},{"column":7,"file":"D:\\picks_main_project\\backend\\node_modules\\express\\lib\\application.js","function":"Function.use","line":224,"method":"use","native":false},{"column":5,"file":"D:\\picks_main_project\\backend\\server.js","function":null,"line":93,"method":null,"native":false},{"column":14,"file":"node:internal/modules/cjs/loader","function":"Module._compile","line":1554,"method":"_compile","native":false},{"column":10,"file":"node:internal/modules/cjs/loader","function":"Object..js","line":1706,"method":".js","native":false},{"column":32,"file":"node:internal/modules/cjs/loader","function":"Module.load","line":1289,"method":"load","native":false},{"column":12,"file":"node:internal/modules/cjs/loader","function":"Function._load","line":1108,"method":"_load","native":false},{"column":14,"file":"node:diagnostics_channel","function":"TracingChannel.traceSync","line":322,"method":"traceSync","native":false}]}
2025-04-15 15:50:33 [[31merror[39m] : uncaughtException: Router.use() requires a middleware function but got a undefined
TypeError: Router.use() requires a middleware function but got a undefined
    at Function.use (D:\picks_main_project\backend\node_modules\express\lib\router\index.js:469:13)
    at Function.<anonymous> (D:\picks_main_project\backend\node_modules\express\lib\application.js:227:21)
    at Array.forEach (<anonymous>)
    at Function.use (D:\picks_main_project\backend\node_modules\express\lib\application.js:224:7)
    at Object.<anonymous> (D:\picks_main_project\backend\server.js:93:5)
    at Module._compile (node:internal/modules/cjs/loader:1554:14)
    at Object..js (node:internal/modules/cjs/loader:1706:10)
    at Module.load (node:internal/modules/cjs/loader:1289:32)
    at Function._load (node:internal/modules/cjs/loader:1108:12)
    at TracingChannel.traceSync (node:diagnostics_channel:322:14) {"error":{},"stack":"TypeError: Router.use() requires a middleware function but got a undefined\n    at Function.use (D:\\picks_main_project\\backend\\node_modules\\express\\lib\\router\\index.js:469:13)\n    at Function.<anonymous> (D:\\picks_main_project\\backend\\node_modules\\express\\lib\\application.js:227:21)\n    at Array.forEach (<anonymous>)\n    at Function.use (D:\\picks_main_project\\backend\\node_modules\\express\\lib\\application.js:224:7)\n    at Object.<anonymous> (D:\\picks_main_project\\backend\\server.js:93:5)\n    at Module._compile (node:internal/modules/cjs/loader:1554:14)\n    at Object..js (node:internal/modules/cjs/loader:1706:10)\n    at Module.load (node:internal/modules/cjs/loader:1289:32)\n    at Function._load (node:internal/modules/cjs/loader:1108:12)\n    at TracingChannel.traceSync (node:diagnostics_channel:322:14)","exception":true,"date":"Tue Apr 15 2025 15:50:33 GMT+0530 (India Standard Time)","process":{"pid":17508,"uid":null,"gid":null,"cwd":"D:\\picks_main_project\\backend","execPath":"C:\\Program Files\\nodejs\\node.exe","version":"v22.14.0","argv":["C:\\Program Files\\nodejs\\node.exe","D:\\picks_main_project\\backend\\server.js"],"memoryUsage":{"rss":84979712,"heapTotal":40083456,"heapUsed":28098224,"external":20635841,"arrayBuffers":18262708}},"os":{"loadavg":[0,0,0],"uptime":507083.468},"trace":[{"column":13,"file":"D:\\picks_main_project\\backend\\node_modules\\express\\lib\\router\\index.js","function":"Function.use","line":469,"method":"use","native":false},{"column":21,"file":"D:\\picks_main_project\\backend\\node_modules\\express\\lib\\application.js","function":null,"line":227,"method":null,"native":false},{"column":null,"file":null,"function":"Array.forEach","line":null,"method":"forEach","native":false},{"column":7,"file":"D:\\picks_main_project\\backend\\node_modules\\express\\lib\\application.js","function":"Function.use","line":224,"method":"use","native":false},{"column":5,"file":"D:\\picks_main_project\\backend\\server.js","function":null,"line":93,"method":null,"native":false},{"column":14,"file":"node:internal/modules/cjs/loader","function":"Module._compile","line":1554,"method":"_compile","native":false},{"column":10,"file":"node:internal/modules/cjs/loader","function":"Object..js","line":1706,"method":".js","native":false},{"column":32,"file":"node:internal/modules/cjs/loader","function":"Module.load","line":1289,"method":"load","native":false},{"column":12,"file":"node:internal/modules/cjs/loader","function":"Function._load","line":1108,"method":"_load","native":false},{"column":14,"file":"node:diagnostics_channel","function":"TracingChannel.traceSync","line":322,"method":"traceSync","native":false}]}
2025-04-15 15:50:58 [[31merror[39m] : uncaughtException: Router.use() requires a middleware function but got a undefined
TypeError: Router.use() requires a middleware function but got a undefined
    at Function.use (D:\picks_main_project\backend\node_modules\express\lib\router\index.js:469:13)
    at Function.<anonymous> (D:\picks_main_project\backend\node_modules\express\lib\application.js:227:21)
    at Array.forEach (<anonymous>)
    at Function.use (D:\picks_main_project\backend\node_modules\express\lib\application.js:224:7)
    at Object.<anonymous> (D:\picks_main_project\backend\server.js:93:5)
    at Module._compile (node:internal/modules/cjs/loader:1554:14)
    at Object..js (node:internal/modules/cjs/loader:1706:10)
    at Module.load (node:internal/modules/cjs/loader:1289:32)
    at Function._load (node:internal/modules/cjs/loader:1108:12)
    at TracingChannel.traceSync (node:diagnostics_channel:322:14) {"error":{},"stack":"TypeError: Router.use() requires a middleware function but got a undefined\n    at Function.use (D:\\picks_main_project\\backend\\node_modules\\express\\lib\\router\\index.js:469:13)\n    at Function.<anonymous> (D:\\picks_main_project\\backend\\node_modules\\express\\lib\\application.js:227:21)\n    at Array.forEach (<anonymous>)\n    at Function.use (D:\\picks_main_project\\backend\\node_modules\\express\\lib\\application.js:224:7)\n    at Object.<anonymous> (D:\\picks_main_project\\backend\\server.js:93:5)\n    at Module._compile (node:internal/modules/cjs/loader:1554:14)\n    at Object..js (node:internal/modules/cjs/loader:1706:10)\n    at Module.load (node:internal/modules/cjs/loader:1289:32)\n    at Function._load (node:internal/modules/cjs/loader:1108:12)\n    at TracingChannel.traceSync (node:diagnostics_channel:322:14)","exception":true,"date":"Tue Apr 15 2025 15:50:58 GMT+0530 (India Standard Time)","process":{"pid":17236,"uid":null,"gid":null,"cwd":"D:\\picks_main_project\\backend","execPath":"C:\\Program Files\\nodejs\\node.exe","version":"v22.14.0","argv":["C:\\Program Files\\nodejs\\node.exe","D:\\picks_main_project\\backend\\server.js"],"memoryUsage":{"rss":85114880,"heapTotal":40083456,"heapUsed":28277800,"external":20635841,"arrayBuffers":18262708}},"os":{"loadavg":[0,0,0],"uptime":507108.078},"trace":[{"column":13,"file":"D:\\picks_main_project\\backend\\node_modules\\express\\lib\\router\\index.js","function":"Function.use","line":469,"method":"use","native":false},{"column":21,"file":"D:\\picks_main_project\\backend\\node_modules\\express\\lib\\application.js","function":null,"line":227,"method":null,"native":false},{"column":null,"file":null,"function":"Array.forEach","line":null,"method":"forEach","native":false},{"column":7,"file":"D:\\picks_main_project\\backend\\node_modules\\express\\lib\\application.js","function":"Function.use","line":224,"method":"use","native":false},{"column":5,"file":"D:\\picks_main_project\\backend\\server.js","function":null,"line":93,"method":null,"native":false},{"column":14,"file":"node:internal/modules/cjs/loader","function":"Module._compile","line":1554,"method":"_compile","native":false},{"column":10,"file":"node:internal/modules/cjs/loader","function":"Object..js","line":1706,"method":".js","native":false},{"column":32,"file":"node:internal/modules/cjs/loader","function":"Module.load","line":1289,"method":"load","native":false},{"column":12,"file":"node:internal/modules/cjs/loader","function":"Function._load","line":1108,"method":"_load","native":false},{"column":14,"file":"node:diagnostics_channel","function":"TracingChannel.traceSync","line":322,"method":"traceSync","native":false}]}
2025-04-15 15:51:04 [[31merror[39m] : uncaughtException: Router.use() requires a middleware function but got a undefined
TypeError: Router.use() requires a middleware function but got a undefined
    at Function.use (D:\picks_main_project\backend\node_modules\express\lib\router\index.js:469:13)
    at Function.<anonymous> (D:\picks_main_project\backend\node_modules\express\lib\application.js:227:21)
    at Array.forEach (<anonymous>)
    at Function.use (D:\picks_main_project\backend\node_modules\express\lib\application.js:224:7)
    at Object.<anonymous> (D:\picks_main_project\backend\server.js:93:5)
    at Module._compile (node:internal/modules/cjs/loader:1554:14)
    at Object..js (node:internal/modules/cjs/loader:1706:10)
    at Module.load (node:internal/modules/cjs/loader:1289:32)
    at Function._load (node:internal/modules/cjs/loader:1108:12)
    at TracingChannel.traceSync (node:diagnostics_channel:322:14) {"error":{},"stack":"TypeError: Router.use() requires a middleware function but got a undefined\n    at Function.use (D:\\picks_main_project\\backend\\node_modules\\express\\lib\\router\\index.js:469:13)\n    at Function.<anonymous> (D:\\picks_main_project\\backend\\node_modules\\express\\lib\\application.js:227:21)\n    at Array.forEach (<anonymous>)\n    at Function.use (D:\\picks_main_project\\backend\\node_modules\\express\\lib\\application.js:224:7)\n    at Object.<anonymous> (D:\\picks_main_project\\backend\\server.js:93:5)\n    at Module._compile (node:internal/modules/cjs/loader:1554:14)\n    at Object..js (node:internal/modules/cjs/loader:1706:10)\n    at Module.load (node:internal/modules/cjs/loader:1289:32)\n    at Function._load (node:internal/modules/cjs/loader:1108:12)\n    at TracingChannel.traceSync (node:diagnostics_channel:322:14)","exception":true,"date":"Tue Apr 15 2025 15:51:04 GMT+0530 (India Standard Time)","process":{"pid":14728,"uid":null,"gid":null,"cwd":"D:\\picks_main_project\\backend","execPath":"C:\\Program Files\\nodejs\\node.exe","version":"v22.14.0","argv":["C:\\Program Files\\nodejs\\node.exe","D:\\picks_main_project\\backend\\server.js"],"memoryUsage":{"rss":84824064,"heapTotal":40083456,"heapUsed":28081840,"external":20635841,"arrayBuffers":18262708}},"os":{"loadavg":[0,0,0],"uptime":507114.25},"trace":[{"column":13,"file":"D:\\picks_main_project\\backend\\node_modules\\express\\lib\\router\\index.js","function":"Function.use","line":469,"method":"use","native":false},{"column":21,"file":"D:\\picks_main_project\\backend\\node_modules\\express\\lib\\application.js","function":null,"line":227,"method":null,"native":false},{"column":null,"file":null,"function":"Array.forEach","line":null,"method":"forEach","native":false},{"column":7,"file":"D:\\picks_main_project\\backend\\node_modules\\express\\lib\\application.js","function":"Function.use","line":224,"method":"use","native":false},{"column":5,"file":"D:\\picks_main_project\\backend\\server.js","function":null,"line":93,"method":null,"native":false},{"column":14,"file":"node:internal/modules/cjs/loader","function":"Module._compile","line":1554,"method":"_compile","native":false},{"column":10,"file":"node:internal/modules/cjs/loader","function":"Object..js","line":1706,"method":".js","native":false},{"column":32,"file":"node:internal/modules/cjs/loader","function":"Module.load","line":1289,"method":"load","native":false},{"column":12,"file":"node:internal/modules/cjs/loader","function":"Function._load","line":1108,"method":"_load","native":false},{"column":14,"file":"node:diagnostics_channel","function":"TracingChannel.traceSync","line":322,"method":"traceSync","native":false}]}
2025-04-15 15:51:12 [[31merror[39m] : uncaughtException: Router.use() requires a middleware function but got a undefined
TypeError: Router.use() requires a middleware function but got a undefined
    at Function.use (D:\picks_main_project\backend\node_modules\express\lib\router\index.js:469:13)
    at Function.<anonymous> (D:\picks_main_project\backend\node_modules\express\lib\application.js:227:21)
    at Array.forEach (<anonymous>)
    at Function.use (D:\picks_main_project\backend\node_modules\express\lib\application.js:224:7)
    at Object.<anonymous> (D:\picks_main_project\backend\server.js:93:5)
    at Module._compile (node:internal/modules/cjs/loader:1554:14)
    at Object..js (node:internal/modules/cjs/loader:1706:10)
    at Module.load (node:internal/modules/cjs/loader:1289:32)
    at Function._load (node:internal/modules/cjs/loader:1108:12)
    at TracingChannel.traceSync (node:diagnostics_channel:322:14) {"error":{},"stack":"TypeError: Router.use() requires a middleware function but got a undefined\n    at Function.use (D:\\picks_main_project\\backend\\node_modules\\express\\lib\\router\\index.js:469:13)\n    at Function.<anonymous> (D:\\picks_main_project\\backend\\node_modules\\express\\lib\\application.js:227:21)\n    at Array.forEach (<anonymous>)\n    at Function.use (D:\\picks_main_project\\backend\\node_modules\\express\\lib\\application.js:224:7)\n    at Object.<anonymous> (D:\\picks_main_project\\backend\\server.js:93:5)\n    at Module._compile (node:internal/modules/cjs/loader:1554:14)\n    at Object..js (node:internal/modules/cjs/loader:1706:10)\n    at Module.load (node:internal/modules/cjs/loader:1289:32)\n    at Function._load (node:internal/modules/cjs/loader:1108:12)\n    at TracingChannel.traceSync (node:diagnostics_channel:322:14)","exception":true,"date":"Tue Apr 15 2025 15:51:12 GMT+0530 (India Standard Time)","process":{"pid":2952,"uid":null,"gid":null,"cwd":"D:\\picks_main_project\\backend","execPath":"C:\\Program Files\\nodejs\\node.exe","version":"v22.14.0","argv":["C:\\Program Files\\nodejs\\node.exe","D:\\picks_main_project\\backend\\server.js"],"memoryUsage":{"rss":84553728,"heapTotal":40345600,"heapUsed":27647296,"external":20635841,"arrayBuffers":18262708}},"os":{"loadavg":[0,0,0],"uptime":507122.515},"trace":[{"column":13,"file":"D:\\picks_main_project\\backend\\node_modules\\express\\lib\\router\\index.js","function":"Function.use","line":469,"method":"use","native":false},{"column":21,"file":"D:\\picks_main_project\\backend\\node_modules\\express\\lib\\application.js","function":null,"line":227,"method":null,"native":false},{"column":null,"file":null,"function":"Array.forEach","line":null,"method":"forEach","native":false},{"column":7,"file":"D:\\picks_main_project\\backend\\node_modules\\express\\lib\\application.js","function":"Function.use","line":224,"method":"use","native":false},{"column":5,"file":"D:\\picks_main_project\\backend\\server.js","function":null,"line":93,"method":null,"native":false},{"column":14,"file":"node:internal/modules/cjs/loader","function":"Module._compile","line":1554,"method":"_compile","native":false},{"column":10,"file":"node:internal/modules/cjs/loader","function":"Object..js","line":1706,"method":".js","native":false},{"column":32,"file":"node:internal/modules/cjs/loader","function":"Module.load","line":1289,"method":"load","native":false},{"column":12,"file":"node:internal/modules/cjs/loader","function":"Function._load","line":1108,"method":"_load","native":false},{"column":14,"file":"node:diagnostics_channel","function":"TracingChannel.traceSync","line":322,"method":"traceSync","native":false}]}
2025-04-15 15:51:17 [[31merror[39m] : uncaughtException: Router.use() requires a middleware function but got a undefined
TypeError: Router.use() requires a middleware function but got a undefined
    at Function.use (D:\picks_main_project\backend\node_modules\express\lib\router\index.js:469:13)
    at Function.<anonymous> (D:\picks_main_project\backend\node_modules\express\lib\application.js:227:21)
    at Array.forEach (<anonymous>)
    at Function.use (D:\picks_main_project\backend\node_modules\express\lib\application.js:224:7)
    at Object.<anonymous> (D:\picks_main_project\backend\server.js:93:5)
    at Module._compile (node:internal/modules/cjs/loader:1554:14)
    at Object..js (node:internal/modules/cjs/loader:1706:10)
    at Module.load (node:internal/modules/cjs/loader:1289:32)
    at Function._load (node:internal/modules/cjs/loader:1108:12)
    at TracingChannel.traceSync (node:diagnostics_channel:322:14) {"error":{},"stack":"TypeError: Router.use() requires a middleware function but got a undefined\n    at Function.use (D:\\picks_main_project\\backend\\node_modules\\express\\lib\\router\\index.js:469:13)\n    at Function.<anonymous> (D:\\picks_main_project\\backend\\node_modules\\express\\lib\\application.js:227:21)\n    at Array.forEach (<anonymous>)\n    at Function.use (D:\\picks_main_project\\backend\\node_modules\\express\\lib\\application.js:224:7)\n    at Object.<anonymous> (D:\\picks_main_project\\backend\\server.js:93:5)\n    at Module._compile (node:internal/modules/cjs/loader:1554:14)\n    at Object..js (node:internal/modules/cjs/loader:1706:10)\n    at Module.load (node:internal/modules/cjs/loader:1289:32)\n    at Function._load (node:internal/modules/cjs/loader:1108:12)\n    at TracingChannel.traceSync (node:diagnostics_channel:322:14)","exception":true,"date":"Tue Apr 15 2025 15:51:17 GMT+0530 (India Standard Time)","process":{"pid":9688,"uid":null,"gid":null,"cwd":"D:\\picks_main_project\\backend","execPath":"C:\\Program Files\\nodejs\\node.exe","version":"v22.14.0","argv":["C:\\Program Files\\nodejs\\node.exe","D:\\picks_main_project\\backend\\server.js"],"memoryUsage":{"rss":84779008,"heapTotal":40083456,"heapUsed":28123112,"external":20635841,"arrayBuffers":18262708}},"os":{"loadavg":[0,0,0],"uptime":507127.437},"trace":[{"column":13,"file":"D:\\picks_main_project\\backend\\node_modules\\express\\lib\\router\\index.js","function":"Function.use","line":469,"method":"use","native":false},{"column":21,"file":"D:\\picks_main_project\\backend\\node_modules\\express\\lib\\application.js","function":null,"line":227,"method":null,"native":false},{"column":null,"file":null,"function":"Array.forEach","line":null,"method":"forEach","native":false},{"column":7,"file":"D:\\picks_main_project\\backend\\node_modules\\express\\lib\\application.js","function":"Function.use","line":224,"method":"use","native":false},{"column":5,"file":"D:\\picks_main_project\\backend\\server.js","function":null,"line":93,"method":null,"native":false},{"column":14,"file":"node:internal/modules/cjs/loader","function":"Module._compile","line":1554,"method":"_compile","native":false},{"column":10,"file":"node:internal/modules/cjs/loader","function":"Object..js","line":1706,"method":".js","native":false},{"column":32,"file":"node:internal/modules/cjs/loader","function":"Module.load","line":1289,"method":"load","native":false},{"column":12,"file":"node:internal/modules/cjs/loader","function":"Function._load","line":1108,"method":"_load","native":false},{"column":14,"file":"node:diagnostics_channel","function":"TracingChannel.traceSync","line":322,"method":"traceSync","native":false}]}
2025-04-15 15:51:21 [[31merror[39m] : uncaughtException: Router.use() requires a middleware function but got a undefined
TypeError: Router.use() requires a middleware function but got a undefined
    at Function.use (D:\picks_main_project\backend\node_modules\express\lib\router\index.js:469:13)
    at Function.<anonymous> (D:\picks_main_project\backend\node_modules\express\lib\application.js:227:21)
    at Array.forEach (<anonymous>)
    at Function.use (D:\picks_main_project\backend\node_modules\express\lib\application.js:224:7)
    at Object.<anonymous> (D:\picks_main_project\backend\server.js:93:5)
    at Module._compile (node:internal/modules/cjs/loader:1554:14)
    at Object..js (node:internal/modules/cjs/loader:1706:10)
    at Module.load (node:internal/modules/cjs/loader:1289:32)
    at Function._load (node:internal/modules/cjs/loader:1108:12)
    at TracingChannel.traceSync (node:diagnostics_channel:322:14) {"error":{},"stack":"TypeError: Router.use() requires a middleware function but got a undefined\n    at Function.use (D:\\picks_main_project\\backend\\node_modules\\express\\lib\\router\\index.js:469:13)\n    at Function.<anonymous> (D:\\picks_main_project\\backend\\node_modules\\express\\lib\\application.js:227:21)\n    at Array.forEach (<anonymous>)\n    at Function.use (D:\\picks_main_project\\backend\\node_modules\\express\\lib\\application.js:224:7)\n    at Object.<anonymous> (D:\\picks_main_project\\backend\\server.js:93:5)\n    at Module._compile (node:internal/modules/cjs/loader:1554:14)\n    at Object..js (node:internal/modules/cjs/loader:1706:10)\n    at Module.load (node:internal/modules/cjs/loader:1289:32)\n    at Function._load (node:internal/modules/cjs/loader:1108:12)\n    at TracingChannel.traceSync (node:diagnostics_channel:322:14)","exception":true,"date":"Tue Apr 15 2025 15:51:21 GMT+0530 (India Standard Time)","process":{"pid":2424,"uid":null,"gid":null,"cwd":"D:\\picks_main_project\\backend","execPath":"C:\\Program Files\\nodejs\\node.exe","version":"v22.14.0","argv":["C:\\Program Files\\nodejs\\node.exe","D:\\picks_main_project\\backend\\server.js"],"memoryUsage":{"rss":84807680,"heapTotal":40083456,"heapUsed":28145272,"external":20635841,"arrayBuffers":18262708}},"os":{"loadavg":[0,0,0],"uptime":507131.406},"trace":[{"column":13,"file":"D:\\picks_main_project\\backend\\node_modules\\express\\lib\\router\\index.js","function":"Function.use","line":469,"method":"use","native":false},{"column":21,"file":"D:\\picks_main_project\\backend\\node_modules\\express\\lib\\application.js","function":null,"line":227,"method":null,"native":false},{"column":null,"file":null,"function":"Array.forEach","line":null,"method":"forEach","native":false},{"column":7,"file":"D:\\picks_main_project\\backend\\node_modules\\express\\lib\\application.js","function":"Function.use","line":224,"method":"use","native":false},{"column":5,"file":"D:\\picks_main_project\\backend\\server.js","function":null,"line":93,"method":null,"native":false},{"column":14,"file":"node:internal/modules/cjs/loader","function":"Module._compile","line":1554,"method":"_compile","native":false},{"column":10,"file":"node:internal/modules/cjs/loader","function":"Object..js","line":1706,"method":".js","native":false},{"column":32,"file":"node:internal/modules/cjs/loader","function":"Module.load","line":1289,"method":"load","native":false},{"column":12,"file":"node:internal/modules/cjs/loader","function":"Function._load","line":1108,"method":"_load","native":false},{"column":14,"file":"node:diagnostics_channel","function":"TracingChannel.traceSync","line":322,"method":"traceSync","native":false}]}
2025-04-15 15:51:25 [[31merror[39m] : uncaughtException: Router.use() requires a middleware function but got a undefined
TypeError: Router.use() requires a middleware function but got a undefined
    at Function.use (D:\picks_main_project\backend\node_modules\express\lib\router\index.js:469:13)
    at Function.<anonymous> (D:\picks_main_project\backend\node_modules\express\lib\application.js:227:21)
    at Array.forEach (<anonymous>)
    at Function.use (D:\picks_main_project\backend\node_modules\express\lib\application.js:224:7)
    at Object.<anonymous> (D:\picks_main_project\backend\server.js:93:5)
    at Module._compile (node:internal/modules/cjs/loader:1554:14)
    at Object..js (node:internal/modules/cjs/loader:1706:10)
    at Module.load (node:internal/modules/cjs/loader:1289:32)
    at Function._load (node:internal/modules/cjs/loader:1108:12)
    at TracingChannel.traceSync (node:diagnostics_channel:322:14) {"error":{},"stack":"TypeError: Router.use() requires a middleware function but got a undefined\n    at Function.use (D:\\picks_main_project\\backend\\node_modules\\express\\lib\\router\\index.js:469:13)\n    at Function.<anonymous> (D:\\picks_main_project\\backend\\node_modules\\express\\lib\\application.js:227:21)\n    at Array.forEach (<anonymous>)\n    at Function.use (D:\\picks_main_project\\backend\\node_modules\\express\\lib\\application.js:224:7)\n    at Object.<anonymous> (D:\\picks_main_project\\backend\\server.js:93:5)\n    at Module._compile (node:internal/modules/cjs/loader:1554:14)\n    at Object..js (node:internal/modules/cjs/loader:1706:10)\n    at Module.load (node:internal/modules/cjs/loader:1289:32)\n    at Function._load (node:internal/modules/cjs/loader:1108:12)\n    at TracingChannel.traceSync (node:diagnostics_channel:322:14)","exception":true,"date":"Tue Apr 15 2025 15:51:25 GMT+0530 (India Standard Time)","process":{"pid":17740,"uid":null,"gid":null,"cwd":"D:\\picks_main_project\\backend","execPath":"C:\\Program Files\\nodejs\\node.exe","version":"v22.14.0","argv":["C:\\Program Files\\nodejs\\node.exe","D:\\picks_main_project\\backend\\server.js"],"memoryUsage":{"rss":84922368,"heapTotal":40083456,"heapUsed":28279256,"external":20635841,"arrayBuffers":18262708}},"os":{"loadavg":[0,0,0],"uptime":507135.812},"trace":[{"column":13,"file":"D:\\picks_main_project\\backend\\node_modules\\express\\lib\\router\\index.js","function":"Function.use","line":469,"method":"use","native":false},{"column":21,"file":"D:\\picks_main_project\\backend\\node_modules\\express\\lib\\application.js","function":null,"line":227,"method":null,"native":false},{"column":null,"file":null,"function":"Array.forEach","line":null,"method":"forEach","native":false},{"column":7,"file":"D:\\picks_main_project\\backend\\node_modules\\express\\lib\\application.js","function":"Function.use","line":224,"method":"use","native":false},{"column":5,"file":"D:\\picks_main_project\\backend\\server.js","function":null,"line":93,"method":null,"native":false},{"column":14,"file":"node:internal/modules/cjs/loader","function":"Module._compile","line":1554,"method":"_compile","native":false},{"column":10,"file":"node:internal/modules/cjs/loader","function":"Object..js","line":1706,"method":".js","native":false},{"column":32,"file":"node:internal/modules/cjs/loader","function":"Module.load","line":1289,"method":"load","native":false},{"column":12,"file":"node:internal/modules/cjs/loader","function":"Function._load","line":1108,"method":"_load","native":false},{"column":14,"file":"node:diagnostics_channel","function":"TracingChannel.traceSync","line":322,"method":"traceSync","native":false}]}
2025-04-15 15:51:29 [[31merror[39m] : uncaughtException: Router.use() requires a middleware function but got a undefined
TypeError: Router.use() requires a middleware function but got a undefined
    at Function.use (D:\picks_main_project\backend\node_modules\express\lib\router\index.js:469:13)
    at Function.<anonymous> (D:\picks_main_project\backend\node_modules\express\lib\application.js:227:21)
    at Array.forEach (<anonymous>)
    at Function.use (D:\picks_main_project\backend\node_modules\express\lib\application.js:224:7)
    at Object.<anonymous> (D:\picks_main_project\backend\server.js:93:5)
    at Module._compile (node:internal/modules/cjs/loader:1554:14)
    at Object..js (node:internal/modules/cjs/loader:1706:10)
    at Module.load (node:internal/modules/cjs/loader:1289:32)
    at Function._load (node:internal/modules/cjs/loader:1108:12)
    at TracingChannel.traceSync (node:diagnostics_channel:322:14) {"error":{},"stack":"TypeError: Router.use() requires a middleware function but got a undefined\n    at Function.use (D:\\picks_main_project\\backend\\node_modules\\express\\lib\\router\\index.js:469:13)\n    at Function.<anonymous> (D:\\picks_main_project\\backend\\node_modules\\express\\lib\\application.js:227:21)\n    at Array.forEach (<anonymous>)\n    at Function.use (D:\\picks_main_project\\backend\\node_modules\\express\\lib\\application.js:224:7)\n    at Object.<anonymous> (D:\\picks_main_project\\backend\\server.js:93:5)\n    at Module._compile (node:internal/modules/cjs/loader:1554:14)\n    at Object..js (node:internal/modules/cjs/loader:1706:10)\n    at Module.load (node:internal/modules/cjs/loader:1289:32)\n    at Function._load (node:internal/modules/cjs/loader:1108:12)\n    at TracingChannel.traceSync (node:diagnostics_channel:322:14)","exception":true,"date":"Tue Apr 15 2025 15:51:29 GMT+0530 (India Standard Time)","process":{"pid":5696,"uid":null,"gid":null,"cwd":"D:\\picks_main_project\\backend","execPath":"C:\\Program Files\\nodejs\\node.exe","version":"v22.14.0","argv":["C:\\Program Files\\nodejs\\node.exe","D:\\picks_main_project\\backend\\server.js"],"memoryUsage":{"rss":84615168,"heapTotal":40083456,"heapUsed":28492168,"external":20635841,"arrayBuffers":18262708}},"os":{"loadavg":[0,0,0],"uptime":507138.953},"trace":[{"column":13,"file":"D:\\picks_main_project\\backend\\node_modules\\express\\lib\\router\\index.js","function":"Function.use","line":469,"method":"use","native":false},{"column":21,"file":"D:\\picks_main_project\\backend\\node_modules\\express\\lib\\application.js","function":null,"line":227,"method":null,"native":false},{"column":null,"file":null,"function":"Array.forEach","line":null,"method":"forEach","native":false},{"column":7,"file":"D:\\picks_main_project\\backend\\node_modules\\express\\lib\\application.js","function":"Function.use","line":224,"method":"use","native":false},{"column":5,"file":"D:\\picks_main_project\\backend\\server.js","function":null,"line":93,"method":null,"native":false},{"column":14,"file":"node:internal/modules/cjs/loader","function":"Module._compile","line":1554,"method":"_compile","native":false},{"column":10,"file":"node:internal/modules/cjs/loader","function":"Object..js","line":1706,"method":".js","native":false},{"column":32,"file":"node:internal/modules/cjs/loader","function":"Module.load","line":1289,"method":"load","native":false},{"column":12,"file":"node:internal/modules/cjs/loader","function":"Function._load","line":1108,"method":"_load","native":false},{"column":14,"file":"node:diagnostics_channel","function":"TracingChannel.traceSync","line":322,"method":"traceSync","native":false}]}
2025-04-15 15:51:46 [[31merror[39m] : uncaughtException: Router.use() requires a middleware function but got a undefined
TypeError: Router.use() requires a middleware function but got a undefined
    at Function.use (D:\picks_main_project\backend\node_modules\express\lib\router\index.js:469:13)
    at Function.<anonymous> (D:\picks_main_project\backend\node_modules\express\lib\application.js:227:21)
    at Array.forEach (<anonymous>)
    at Function.use (D:\picks_main_project\backend\node_modules\express\lib\application.js:224:7)
    at Object.<anonymous> (D:\picks_main_project\backend\server.js:93:5)
    at Module._compile (node:internal/modules/cjs/loader:1554:14)
    at Object..js (node:internal/modules/cjs/loader:1706:10)
    at Module.load (node:internal/modules/cjs/loader:1289:32)
    at Function._load (node:internal/modules/cjs/loader:1108:12)
    at TracingChannel.traceSync (node:diagnostics_channel:322:14) {"error":{},"stack":"TypeError: Router.use() requires a middleware function but got a undefined\n    at Function.use (D:\\picks_main_project\\backend\\node_modules\\express\\lib\\router\\index.js:469:13)\n    at Function.<anonymous> (D:\\picks_main_project\\backend\\node_modules\\express\\lib\\application.js:227:21)\n    at Array.forEach (<anonymous>)\n    at Function.use (D:\\picks_main_project\\backend\\node_modules\\express\\lib\\application.js:224:7)\n    at Object.<anonymous> (D:\\picks_main_project\\backend\\server.js:93:5)\n    at Module._compile (node:internal/modules/cjs/loader:1554:14)\n    at Object..js (node:internal/modules/cjs/loader:1706:10)\n    at Module.load (node:internal/modules/cjs/loader:1289:32)\n    at Function._load (node:internal/modules/cjs/loader:1108:12)\n    at TracingChannel.traceSync (node:diagnostics_channel:322:14)","exception":true,"date":"Tue Apr 15 2025 15:51:46 GMT+0530 (India Standard Time)","process":{"pid":8252,"uid":null,"gid":null,"cwd":"D:\\picks_main_project\\backend","execPath":"C:\\Program Files\\nodejs\\node.exe","version":"v22.14.0","argv":["C:\\Program Files\\nodejs\\node.exe","D:\\picks_main_project\\backend\\server.js"],"memoryUsage":{"rss":84799488,"heapTotal":40083456,"heapUsed":28236400,"external":20635841,"arrayBuffers":18262708}},"os":{"loadavg":[0,0,0],"uptime":507156.562},"trace":[{"column":13,"file":"D:\\picks_main_project\\backend\\node_modules\\express\\lib\\router\\index.js","function":"Function.use","line":469,"method":"use","native":false},{"column":21,"file":"D:\\picks_main_project\\backend\\node_modules\\express\\lib\\application.js","function":null,"line":227,"method":null,"native":false},{"column":null,"file":null,"function":"Array.forEach","line":null,"method":"forEach","native":false},{"column":7,"file":"D:\\picks_main_project\\backend\\node_modules\\express\\lib\\application.js","function":"Function.use","line":224,"method":"use","native":false},{"column":5,"file":"D:\\picks_main_project\\backend\\server.js","function":null,"line":93,"method":null,"native":false},{"column":14,"file":"node:internal/modules/cjs/loader","function":"Module._compile","line":1554,"method":"_compile","native":false},{"column":10,"file":"node:internal/modules/cjs/loader","function":"Object..js","line":1706,"method":".js","native":false},{"column":32,"file":"node:internal/modules/cjs/loader","function":"Module.load","line":1289,"method":"load","native":false},{"column":12,"file":"node:internal/modules/cjs/loader","function":"Function._load","line":1108,"method":"_load","native":false},{"column":14,"file":"node:diagnostics_channel","function":"TracingChannel.traceSync","line":322,"method":"traceSync","native":false}]}
